18:04:35.382 [main] INFO  testCases.TC001_AccountRegistrationTest - ***** Starting TC001_AccountRegistrationTest*****
18:04:36.517 [main] INFO  testCases.TC001_AccountRegistrationTest - ***** Clicked on My Account *****
18:04:43.205 [main] INFO  testCases.TC001_AccountRegistrationTest - ***** Clicked on Registered link *****
18:04:43.212 [main] INFO  testCases.TC001_AccountRegistrationTest - ***** Providing customer Details *****
18:04:45.568 [main] INFO  testCases.TC001_AccountRegistrationTest - ***** Validating Expected Message.. *****
23:25:56.032 [main] INFO  testCases.TC001_AccountRegistrationTest - ***** Starting TC001_AccountRegistrationTest*****
23:25:57.198 [main] INFO  testCases.TC001_AccountRegistrationTest - ***** Clicked on My Account *****
23:26:03.938 [main] INFO  testCases.TC001_AccountRegistrationTest - ***** Clicked on Registered link *****
23:26:03.947 [main] INFO  testCases.TC001_AccountRegistrationTest - ***** Providing customer Details *****
23:26:06.070 [main] INFO  testCases.TC001_AccountRegistrationTest - ***** Validating Expected Message.. *****
23:26:06.177 [main] INFO  testCases.TC001_AccountRegistrationTest - ***** Finished *****
00:42:35.850 [main] INFO  testCases.TC001_AccountRegistrationTest - ***** Starting TC001_AccountRegistrationTest*****
00:42:36.806 [main] INFO  testCases.TC001_AccountRegistrationTest - ***** Clicked on My Account *****
00:42:43.487 [main] INFO  testCases.TC001_AccountRegistrationTest - ***** Clicked on Registered link *****
00:42:43.498 [main] INFO  testCases.TC001_AccountRegistrationTest - ***** Providing customer Details *****
00:42:45.775 [main] INFO  testCases.TC001_AccountRegistrationTest - ***** Validating Expected Message.. *****
00:42:45.821 [main] INFO  testCases.TC001_AccountRegistrationTest - ***** Finished *****
23:24:34.169 [main] INFO  testCases.TC001_AccountRegistrationTest - ***** Starting TC001_AccountRegistrationTest*****
23:24:35.146 [main] INFO  testCases.TC001_AccountRegistrationTest - ***** Clicked on My Account *****
23:24:41.753 [main] INFO  testCases.TC001_AccountRegistrationTest - ***** Clicked on Registered link *****
23:24:41.763 [main] INFO  testCases.TC001_AccountRegistrationTest - ***** Providing customer Details *****
23:24:44.146 [main] INFO  testCases.TC001_AccountRegistrationTest - ***** Validating Expected Message.. *****
23:24:44.191 [main] INFO  testCases.TC001_AccountRegistrationTest - ***** Finished *****
00:39:13.011 [main] INFO  testCases.TC002_LoginTest - ***** Starting TC002_LoginTest*****
00:39:20.537 [main] INFO  testCases.TC002_LoginTest - ***** Finished TC002_LoginTest*****
00:44:01.754 [main] INFO  org.testng.internal.Utils - [TestNG] Running:
  C:\Users\HP\eclipse-workspace\MyProject\master.xml

00:44:04.872 [main] INFO  testCases.TC002_LoginTest - ***** Starting TC002_LoginTest*****
00:44:12.328 [main] INFO  testCases.TC002_LoginTest - ***** Finished TC002_LoginTest*****
01:43:36.551 [main] INFO  org.testng.internal.Utils - [TestNG] Running:
  C:\Users\HP\eclipse-workspace\MyProject\grouping.xml

01:44:17.007 [main] INFO  org.testng.internal.Utils - [TestNG] Running:
  C:\Users\HP\eclipse-workspace\MyProject\grouping.xml

01:45:05.220 [main] INFO  org.testng.internal.Utils - [TestNG] Running:
  C:\Users\HP\eclipse-workspace\MyProject\grouping.xml

01:45:10.036 [main] INFO  testCases.TC001_AccountRegistrationTest - ***** Starting TC001_AccountRegistrationTest*****
01:45:11.155 [main] INFO  testCases.TC001_AccountRegistrationTest - ***** Clicked on My Account *****
01:45:17.830 [main] INFO  testCases.TC001_AccountRegistrationTest - ***** Clicked on Registered link *****
01:45:17.841 [main] INFO  testCases.TC001_AccountRegistrationTest - ***** Providing customer Details *****
01:45:20.064 [main] INFO  testCases.TC001_AccountRegistrationTest - ***** Validating Expected Message.. *****
01:45:20.116 [main] INFO  testCases.TC001_AccountRegistrationTest - ***** Finished *****
01:45:56.573 [main] INFO  org.testng.internal.Utils - [TestNG] Running:
  C:\Users\HP\eclipse-workspace\MyProject\grouping.xml

01:45:59.787 [main] INFO  testCases.TC001_AccountRegistrationTest - ***** Starting TC001_AccountRegistrationTest*****
01:46:00.873 [main] INFO  testCases.TC001_AccountRegistrationTest - ***** Clicked on My Account *****
01:46:07.537 [main] INFO  testCases.TC001_AccountRegistrationTest - ***** Clicked on Registered link *****
01:46:07.539 [main] INFO  testCases.TC001_AccountRegistrationTest - ***** Providing customer Details *****
01:46:09.794 [main] INFO  testCases.TC001_AccountRegistrationTest - ***** Validating Expected Message.. *****
01:46:09.845 [main] INFO  testCases.TC001_AccountRegistrationTest - ***** Finished *****
01:46:12.209 [main] INFO  testCases.TC002_LoginTest - ***** Starting TC002_LoginTest*****
01:46:20.104 [main] INFO  testCases.TC002_LoginTest - ***** Finished TC002_LoginTest*****
18:12:13.152 [main] INFO  org.testng.internal.Utils - [TestNG] Running:
  C:\Users\HP\eclipse-workspace\MyProject\grouping.xml

18:12:18.332 [main] INFO  testCases.TC001_AccountRegistrationTest - ***** Starting TC001_AccountRegistrationTest*****
18:12:19.471 [main] INFO  testCases.TC001_AccountRegistrationTest - ***** Clicked on My Account *****
18:12:26.255 [main] INFO  testCases.TC001_AccountRegistrationTest - ***** Clicked on Registered link *****
18:12:26.295 [main] INFO  testCases.TC001_AccountRegistrationTest - ***** Providing customer Details *****
18:12:28.414 [main] INFO  testCases.TC001_AccountRegistrationTest - ***** Validating Expected Message.. *****
18:12:28.474 [main] INFO  testCases.TC001_AccountRegistrationTest - ***** Finished *****
18:12:30.886 [main] INFO  testCases.TC002_LoginTest - ***** Starting TC002_LoginTest*****
18:12:38.839 [main] INFO  testCases.TC002_LoginTest - ***** Finished TC002_LoginTest*****
